<?xml version="1.0" encoding="UTF-8"?>
<testng-results skipped="0" failed="0" ignored="0" total="1" passed="1">
  <reporter-output>
  </reporter-output>
  <suite name="Default suite" duration-ms="922" started-at="2019-03-20T04:19:22Z" finished-at="2019-03-20T04:19:23Z">
    <groups>
    </groups>
    <test name="Default test" duration-ms="922" started-at="2019-03-20T04:19:22Z" finished-at="2019-03-20T04:19:23Z">
      <class name="com.webmail.tests.LoginFlow">
        <test-method status="PASS" signature="loginFlow()[pri:0, instance:com.webmail.tests.LoginFlow@1d057a39]" name="loginFlow" duration-ms="875" started-at="2019-03-20T09:49:22Z" finished-at="2019-03-20T09:49:23Z">
          <reporter-output>
          </reporter-output>
        </test-method> <!-- loginFlow -->
      </class> <!-- com.webmail.tests.LoginFlow -->
    </test> <!-- Default test -->
  </suite> <!-- Default suite -->
</testng-results>
